<?xml version="1.0" encoding="UTF-8"?>
<!-- Generated by org.testng.reporters.JUnitReportReporter -->
<testsuite skipped="0" hostname="Salman4Ismath" name="org.test.TestScript" tests="1" failures="0" timestamp="24 Oct 2023 13:37:37 GMT" time="39.960" errors="0">
  <testcase name="executeTest" time="39.960" classname="org.test.TestScript"/>
</testsuite> <!-- org.test.TestScript -->
