<?xml version="1.0" encoding="UTF-8"?>
<!-- Generated by org.testng.reporters.JUnitReportReporter -->
<testsuite skipped="0" hostname="Salman4Ismath" name="org.test.TestScript" tests="1" failures="0" timestamp="26 Oct 2023 12:51:34 GMT" time="83.656" errors="0">
  <testcase name="executeTest" time="83.656" classname="org.test.TestScript"/>
</testsuite> <!-- org.test.TestScript -->
